----------------------------------
Data could not be read
----------------------------------
yess
{
    "detectionEau": 92, 
    "humidite": 79.6, 
    "luminosite": 1.0, 
    "mesureBruit": 0, 
    "photoresistance": 0, 
    "pression": 964, 
    "temperatureExterieure": 17.8, 
    "temperatureInterieure": 19.4
}
----------------------------------------
Envoi donnees Instantanees Json effectue
----------------------------------------
----------------------------------
yess
{
    "detectionEau": 86, 
    "humidite": 79.6, 
    "luminosite": 1.0, 
    "mesureBruit": 0, 
    "photoresistance": 0, 
    "pression": 964, 
    "temperatureExterieure": 17.7, 
    "temperatureInterieure": 19.4
}
----------------------------------------
Envoi donnees Instantanees Json effectue
----------------------------------------
----------------------------------
yess
{
    "detectionEau": 86, 
    "humidite": 79.2, 
    "luminosite": 1.0, 
    "mesureBruit": 1, 
    "photoresistance": 0, 
    "pression": 964, 
    "temperatureExterieure": 17.7, 
    "temperatureInterieure": 19.4
}
----------------------------------------
Envoi donnees Instantanees Json effectue
----------------------------------------
----------------------------------
yess
{
    "detectionEau": 87, 
    "humidite": 79.0, 
    "luminosite": 1.0, 
    "mesureBruit": 1, 
    "photoresistance": 0, 
    "pression": 964, 
    "temperatureExterieure": 17.7, 
    "temperatureInterieure": 19.4
}
----------------------------------------
Envoi donnees Instantanees Json effectue
----------------------------------------
----------------------------------
yess
{
    "detectionEau": 87, 
    "humidite": 78.8, 
    "luminosite": 1.0, 
    "mesureBruit": 0, 
    "photoresistance": 0, 
    "pression": 964, 
    "temperatureExterieure": 17.7, 
    "temperatureInterieure": 19.4
}
----------------------------------------
Envoi donnees Instantanees Json effectue
----------------------------------------
----------------------------------
yess
{
    "detectionEau": 88, 
    "humidite": 78.8, 
    "luminosite": 1.0, 
    "mesureBruit": 0, 
    "photoresistance": 0, 
    "pression": 964, 
    "temperatureExterieure": 17.6, 
    "temperatureInterieure": 19.4
}
----------------------------------------
Envoi donnees Instantanees Json effectue
----------------------------------------
----------------------------------
Data could not be read
